<?xml version="1.0" encoding="UTF-8"?>
<!-- Generated by org.testng.reporters.JUnitReportReporter -->
<testsuite skipped="0" hostname="Amruta-N" name="test.AppTest" tests="1" failures="0" timestamp="2022-04-01T12:16:15 IST" time="0.004" errors="0">
  <testcase name="addtest" time="0.004" classname="test.AppTest"/>
  <system-out/>
</testsuite> <!-- test.AppTest -->
