<?xml version="1.0" encoding="UTF-8"?>
<!-- Generated by org.testng.reporters.JUnitReportReporter -->
<testsuite skipped="0" hostname="Amruta-N" name="test.AppTest" tests="1" failures="0" timestamp="2022-03-31T16:28:32 IST" time="0.005" errors="0">
  <testcase name="addtest" time="0.005" classname="test.AppTest"/>
  <system-out/>
</testsuite> <!-- test.AppTest -->
