<?xml version="1.0" encoding="UTF-8"?>
<!-- Generated by org.testng.reporters.JUnitReportReporter -->
<testsuite hostname="Amruta-N" name="test.AppTest" tests="1" failures="0" timestamp="30 Mar 2022 14:14:40 GMT" time="0.010" errors="0">
  <testcase name="addtest" time="0.010" classname="test.AppTest"/>
</testsuite> <!-- test.AppTest -->
